<?xml version="1.0" encoding="UTF-8"?>
<!-- Generated by org.testng.reporters.JUnitXMLReporter -->
<testsuite ignored="1" hostname="LAPTOP-3CF81NRV" failures="0" tests="3" name="Default test" time="20.175" errors="0" timestamp="01 Apr 2021 06:34:11 GMT">
  <testcase classname="nopcommerceadmin.tests.HomeTC" name="verifyHomePageTitle" time="0.071"/>
  <testcase classname="nopcommerceadmin.tests.HomeTC" name="verifyHomePage_Logo" time="0.094"/>
  <testcase classname="nopcommerceadmin.tests.HomeTC" name="clickCatalog_Link" time="3.22"/>
  <testcase classname="nopcommerceadmin.tests.HomeTC" name="verifyHomePage_dashBoardtext" time="0.0">
    <ignored/>
  </testcase> <!-- verifyHomePage_dashBoardtext -->
</testsuite> <!-- Default test -->
